
> sitepilot@0.1.0 build
> next build

▲ Next.js 16.1.6 (Turbopack)
- Environments: .env.local

  Creating an optimized production build ...
✓ Compiled successfully in 2.8s
  Running TypeScript ...
  Collecting page data using 5 workers ...
  Generating static pages using 5 workers (0/47) ...
⚠ metadataBase property in metadata export is not set for resolving social open graph or twitter images, using "http://localhost:3000". See https://nextjs.org/docs/app/api-reference/functions/generate-metadata#metadatabase
  Generating static pages using 5 workers (11/47) 
  Generating static pages using 5 workers (23/47) 
  Generating static pages using 5 workers (35/47) 
✓ Generating static pages using 5 workers (47/47) in 846.9ms
  Finalizing page optimization ...

Route (app)
┌ ○ /
├ ○ /_not-found
├ ○ /ai-automation-workflow-templates-2026
├ ○ /ai-content-calendar-tools-2026
├ ○ /ai-content-creation-automation-2026
├ ○ /ai-content-generator-comparison
├ ○ /ai-content-performance-analytics-2026
├ ○ /ai-content-workflow-automation-2026
├ ○ /ai-productivity-tools-comparison-2026
├ ○ /ai-roi-calculator
├ ○ /ai-tool-implementation-strategy-2026
├ ○ /ai-tools
├ ○ /ai-tools-budget-planning-enterprise-2026
├ ○ /ai-tools-cost-benefit-analysis-2026
├ ○ /ai-tools-cost-optimization-enterprise-2026
├ ○ /ai-tools-for-bloggers-2026
├ ○ /ai-tools-risk-assessment-enterprise-2026
├ ○ /ai-tools-security-compliance-checklist-2026
├ ○ /ai-tools-usage-tracking-dashboard-2026
├ ○ /best-ai-analytics-tools-bloggers-2026
├ ○ /best-ai-automation-tools-bloggers-2026
├ ○ /best-ai-image-tools-bloggers-2026
├ ○ /best-ai-seo-tools-2026
├ ○ /best-ai-tools-small-business-2026
├ ○ /best-ai-video-tools-bloggers-2026
├ ○ /best-ai-writing-tools-2026
├ ○ /best-ecommerce-website-builders-2026
├ ○ /best-email-marketing-tools-2026
├ ○ /best-free-ssl-certificates-2026
├ ○ /best-project-management-tools-2026
├ ○ /best-social-media-management-tools-2026
├ ○ /best-web-hosting-2026
├ ○ /best-website-builders-2026
├ ○ /best-wordpress-themes-2026
├ ○ /cheap-hosting
├ ○ /cloud-hosting-vs-traditional-hosting-2026
├ ○ /enterprise-ai-implementation-best-practices-2026
├ ○ /free-website-builders-2026
├ ○ /hosting
├ ○ /robots.txt
├ ○ /sitemap.xml
├ ○ /web-hosting
├ ○ /website-builder-vs-wordpress-2026
├ ○ /website-builders
└ ○ /website-security-checklist-2026


○  (Static)  prerendered as static content

